Arguments: 
  C:\Program Files\nodejs\node.exe C:\Program Files (x86)\Yarn\bin\yarn.js add sass main.scss styles.css

PATH: 
  C:\Users\sunny.ajimal\bin;C:\Program Files\Git\mingw64\bin;C:\Program Files\Git\usr\local\bin;C:\Program Files\Git\usr\bin;C:\Program Files\Git\usr\bin;C:\Program Files\Git\mingw64\bin;C:\Program Files\Git\usr\bin;C:\Users\sunny.ajimal\bin;C:\Program Files\AdoptOpenJDK\jdk-11.0.5.10-hotspot\bin;C:\Windows\system32;C:\Windows;C:\Windows\System32\Wbem;C:\Windows\System32\WindowsPowerShell\v1.0;C:\Windows\System32\OpenSSH;C:\ProgramData\chocolatey\bin;C:\Program Files\Microsoft VS Code\bin;C:\Program Files\Intel\WiFi\bin;C:\Program Files\Common Files\Intel\WirelessCommon;C:\Program Files\Java\jdk1.8.0_221\bin;C:\Program Files\Git\cmd;C:\Program Files\nodejs;C:\Program Files (x86)\Yarn\bin;C:\Users\sunny.ajimal\AppData\Local\Microsoft\WindowsApps;C:\Program Files\Git\usr\bin\vendor_perl;C:\Program Files\Git\usr\bin\core_perl

Yarn version: 
  1.17.3

Node version: 
  12.9.1

Platform: 
  win32 x64

Trace: 
  Error: https://registry.yarnpkg.com/main.scss: Not found
      at Request.params.callback [as _callback] (C:\Program Files (x86)\Yarn\lib\cli.js:65939:18)
      at Request.self.callback (C:\Program Files (x86)\Yarn\lib\cli.js:140464:22)
      at Request.emit (events.js:209:13)
      at Request.<anonymous> (C:\Program Files (x86)\Yarn\lib\cli.js:141436:10)
      at Request.emit (events.js:209:13)
      at IncomingMessage.<anonymous> (C:\Program Files (x86)\Yarn\lib\cli.js:141358:12)
      at Object.onceWrapper (events.js:297:20)
      at IncomingMessage.emit (events.js:214:15)
      at endReadableNT (_stream_readable.js:1178:12)
      at processTicksAndRejections (internal/process/task_queues.js:77:11)

npm manifest: 
  {
    "name": "New-Portfolio",
    "version": "1.0.0",
    "main": "index.js",
    "license": "MIT"
  }

yarn manifest: 
  No manifest

Lockfile: 
  No lockfile
